0 info it worked if it ends with ok
1 verbose cli [ 'node',
1 verbose cli   '/usr/local/bin/npm',
1 verbose cli   'install',
1 verbose cli   '--save',
1 verbose cli   'node-ads1x15' ]
2 info using npm@2.12.1
3 info using node@v0.12.6
4 verbose node symlink /usr/local/bin/node
5 verbose install initial load of /Users/mmiranda/Projects/mambobox/package.json
6 verbose installManyTop reading scoped package data from /Users/mmiranda/Projects/mambobox/node_modules/body-parser/package.json
7 verbose installManyTop reading scoped package data from /Users/mmiranda/Projects/mambobox/node_modules/compression/package.json
8 verbose installManyTop reading scoped package data from /Users/mmiranda/Projects/mambobox/node_modules/cookie-parser/package.json
9 verbose installManyTop reading scoped package data from /Users/mmiranda/Projects/mambobox/node_modules/express/package.json
10 verbose installManyTop reading scoped package data from /Users/mmiranda/Projects/mambobox/node_modules/glob/package.json
11 verbose installManyTop reading scoped package data from /Users/mmiranda/Projects/mambobox/node_modules/gulp/package.json
12 verbose installManyTop reading scoped package data from /Users/mmiranda/Projects/mambobox/node_modules/gulp-livereload/package.json
13 verbose installManyTop reading scoped package data from /Users/mmiranda/Projects/mambobox/node_modules/gulp-nodemon/package.json
14 verbose installManyTop reading scoped package data from /Users/mmiranda/Projects/mambobox/node_modules/gulp-plumber/package.json
15 verbose installManyTop reading scoped package data from /Users/mmiranda/Projects/mambobox/node_modules/gulp-sass/package.json
16 verbose installManyTop reading scoped package data from /Users/mmiranda/Projects/mambobox/node_modules/influx/package.json
17 verbose installManyTop reading scoped package data from /Users/mmiranda/Projects/mambobox/node_modules/jade/package.json
18 verbose installManyTop reading scoped package data from /Users/mmiranda/Projects/mambobox/node_modules/method-override/package.json
19 verbose installManyTop reading scoped package data from /Users/mmiranda/Projects/mambobox/node_modules/mongoose/package.json
20 verbose installManyTop reading scoped package data from /Users/mmiranda/Projects/mambobox/node_modules/morgan/package.json
21 verbose installManyTop reading scoped package data from /Users/mmiranda/Projects/mambobox/node_modules/serve-favicon/package.json
22 verbose readDependencies loading dependencies from /Users/mmiranda/Projects/mambobox/package.json
23 silly cache add args [ 'node-ads1x15', null ]
24 verbose cache add spec node-ads1x15
25 silly cache add parsed spec { raw: 'node-ads1x15',
25 silly cache add   scope: null,
25 silly cache add   name: 'node-ads1x15',
25 silly cache add   rawSpec: '',
25 silly cache add   spec: '*',
25 silly cache add   type: 'range' }
26 silly addNamed node-ads1x15@*
27 verbose addNamed "*" is a valid semver range for node-ads1x15
28 silly addNameRange { name: 'node-ads1x15', range: '*', hasData: false }
29 silly mapToRegistry name node-ads1x15
30 silly mapToRegistry using default registry
31 silly mapToRegistry registry https://registry.npmjs.org/
32 silly mapToRegistry uri https://registry.npmjs.org/node-ads1x15
33 verbose addNameRange registry:https://registry.npmjs.org/node-ads1x15 not in flight; fetching
34 verbose request uri https://registry.npmjs.org/node-ads1x15
35 verbose request no auth needed
36 info attempt registry request try #1 at 19:56:41
37 verbose request id 687eddea00e5f6e1
38 http request GET https://registry.npmjs.org/node-ads1x15
39 http 200 https://registry.npmjs.org/node-ads1x15
40 silly get cb [ 200,
40 silly get   { server: 'CouchDB/1.5.0 (Erlang OTP/R16B03)',
40 silly get     etag: '"7ZYO0OS4LCQ2SBXD7MA9LWEVK"',
40 silly get     'content-type': 'application/json',
40 silly get     'cache-control': 'max-age=60',
40 silly get     'content-length': '2075',
40 silly get     'accept-ranges': 'bytes',
40 silly get     date: 'Tue, 01 Sep 2015 22:56:45 GMT',
40 silly get     via: '1.1 varnish',
40 silly get     age: '0',
40 silly get     connection: 'keep-alive',
40 silly get     'x-served-by': 'cache-ord1731-ORD',
40 silly get     'x-cache': 'MISS',
40 silly get     'x-cache-hits': '0',
40 silly get     'x-timer': 'S1441148205.565745,VS0,VE66',
40 silly get     vary: 'Accept' } ]
41 verbose get saving node-ads1x15 to /Users/mmiranda/.npm/registry.npmjs.org/node-ads1x15/.cache.json
42 silly addNameRange number 2 { name: 'node-ads1x15', range: '*', hasData: true }
43 silly addNameRange versions [ 'node-ads1x15', [ '1.0.0' ] ]
44 silly addNamed node-ads1x15@1.0.0
45 verbose addNamed "1.0.0" is a plain semver version for node-ads1x15
46 silly mapToRegistry name node-ads1x15
47 silly mapToRegistry using default registry
48 silly mapToRegistry registry https://registry.npmjs.org/
49 silly mapToRegistry uri https://registry.npmjs.org/node-ads1x15
50 verbose addRemoteTarball https://registry.npmjs.org/node-ads1x15/-/node-ads1x15-1.0.0.tgz not in flight; adding
51 verbose addRemoteTarball [ 'https://registry.npmjs.org/node-ads1x15/-/node-ads1x15-1.0.0.tgz',
51 verbose addRemoteTarball   '0ff03205b584627900d2eece850af50638f42b50' ]
52 info retry fetch attempt 1 at 19:56:45
53 info attempt registry request try #1 at 19:56:45
54 http fetch GET https://registry.npmjs.org/node-ads1x15/-/node-ads1x15-1.0.0.tgz
55 http fetch 200 https://registry.npmjs.org/node-ads1x15/-/node-ads1x15-1.0.0.tgz
56 silly fetchAndShaCheck shasum 0ff03205b584627900d2eece850af50638f42b50
57 verbose addTmpTarball /var/folders/9x/sygb_rs14mlcd1jjd2ygt1740000gn/T/npm-22158-fd73cd08/registry.npmjs.org/node-ads1x15/-/node-ads1x15-1.0.0.tgz not in flight; adding
58 verbose addTmpTarball already have metadata; skipping unpack for node-ads1x15@1.0.0
59 silly cache afterAdd node-ads1x15@1.0.0
60 verbose afterAdd /Users/mmiranda/.npm/node-ads1x15/1.0.0/package/package.json not in flight; writing
61 verbose afterAdd /Users/mmiranda/.npm/node-ads1x15/1.0.0/package/package.json written
62 silly install resolved [ { name: 'node-ads1x15',
62 silly install resolved     version: '1.0.0',
62 silly install resolved     description: 'Node module for the I2C ADS1x15 anaolg to digital converters to run on Raspberry Pi',
62 silly install resolved     main: 'index.js',
62 silly install resolved     scripts: { test: 'echo "Error: no test specified" && exit 1' },
62 silly install resolved     repository:
62 silly install resolved      { type: 'git',
62 silly install resolved        url: 'https://alphacharlie@github.com/alphacharlie/node-ads1x15.git' },
62 silly install resolved     keywords: [ 'ads1015' ],
62 silly install resolved     author:
62 silly install resolved      { name: 'Chuck Werbick',
62 silly install resolved        email: 'info@boffinry.org',
62 silly install resolved        url: 'http://boffinry.org' },
62 silly install resolved     license: 'ISC',
62 silly install resolved     bugs: { url: 'https://github.com/alphacharlie/node-ads1x15/issues' },
62 silly install resolved     homepage: 'https://github.com/alphacharlie/node-ads1x15',
62 silly install resolved     dependencies: { async: '^0.9.0', i2c: '^0.2.1' },
62 silly install resolved     devDependencies: { chai: '^2.2.0', mocha: '^2.2.1' },
62 silly install resolved     gitHead: '661efb51cdefde4f4cb61087da51d8fecebbafbe',
62 silly install resolved     _id: 'node-ads1x15@1.0.0',
62 silly install resolved     _shasum: '0ff03205b584627900d2eece850af50638f42b50',
62 silly install resolved     _from: 'node-ads1x15@*',
62 silly install resolved     _npmVersion: '2.5.1',
62 silly install resolved     _nodeVersion: '0.12.0',
62 silly install resolved     _npmUser: { name: 'boffinry', email: 'info@boffinry.org' },
62 silly install resolved     maintainers: [ [Object] ],
62 silly install resolved     dist:
62 silly install resolved      { shasum: '0ff03205b584627900d2eece850af50638f42b50',
62 silly install resolved        tarball: 'http://registry.npmjs.org/node-ads1x15/-/node-ads1x15-1.0.0.tgz' },
62 silly install resolved     directories: {},
62 silly install resolved     _resolved: 'https://registry.npmjs.org/node-ads1x15/-/node-ads1x15-1.0.0.tgz' } ]
63 info install node-ads1x15@1.0.0 into /Users/mmiranda/Projects/mambobox
64 info installOne node-ads1x15@1.0.0
65 verbose installOne of node-ads1x15 to /Users/mmiranda/Projects/mambobox not in flight; installing
66 verbose lock using /Users/mmiranda/.npm/_locks/node-ads1x15-2bfe431016c9304b.lock for /Users/mmiranda/Projects/mambobox/node_modules/node-ads1x15
67 silly install write writing node-ads1x15 1.0.0 to /Users/mmiranda/Projects/mambobox/node_modules/node-ads1x15
68 verbose unbuild node_modules/node-ads1x15
69 silly gentlyRm /Users/mmiranda/Projects/mambobox/node_modules/node-ads1x15 is being purged from base /Users/mmiranda/Projects/mambobox
70 verbose gentlyRm don't care about contents; nuking /Users/mmiranda/Projects/mambobox/node_modules/node-ads1x15
71 verbose tar unpack /Users/mmiranda/.npm/node-ads1x15/1.0.0/package.tgz
72 verbose tar unpacking to /Users/mmiranda/Projects/mambobox/node_modules/node-ads1x15
73 silly gentlyRm /Users/mmiranda/Projects/mambobox/node_modules/node-ads1x15 is being purged
74 verbose gentlyRm don't care about contents; nuking /Users/mmiranda/Projects/mambobox/node_modules/node-ads1x15
75 silly gunzTarPerm modes [ '755', '644' ]
76 silly gunzTarPerm extractEntry package.json
77 silly gunzTarPerm extractEntry .npmignore
78 silly gunzTarPerm extractEntry README.md
79 silly gunzTarPerm extractEntry index.js
80 verbose write writing to /Users/mmiranda/Projects/mambobox/node_modules/node-ads1x15/package.json
81 info preinstall node-ads1x15@1.0.0
82 verbose readDependencies loading dependencies from /Users/mmiranda/Projects/mambobox/node_modules/node-ads1x15/package.json
83 silly prepareForInstallMany adding async@^0.9.0 from node-ads1x15 dependencies
84 silly prepareForInstallMany adding i2c@^0.2.1 from node-ads1x15 dependencies
85 verbose readDependencies loading dependencies from /Users/mmiranda/Projects/mambobox/node_modules/node-ads1x15/package.json
86 silly cache add args [ 'async@^0.9.0', null ]
87 verbose cache add spec async@^0.9.0
88 silly cache add args [ 'i2c@^0.2.1', null ]
89 verbose cache add spec i2c@^0.2.1
90 silly cache add parsed spec { raw: 'async@^0.9.0',
90 silly cache add   scope: null,
90 silly cache add   name: 'async',
90 silly cache add   rawSpec: '^0.9.0',
90 silly cache add   spec: '>=0.9.0 <0.10.0',
90 silly cache add   type: 'range' }
91 silly addNamed async@>=0.9.0 <0.10.0
92 verbose addNamed ">=0.9.0 <0.10.0" is a valid semver range for async
93 silly addNameRange { name: 'async', range: '>=0.9.0 <0.10.0', hasData: false }
94 silly mapToRegistry name async
95 silly mapToRegistry using default registry
96 silly mapToRegistry registry https://registry.npmjs.org/
97 silly mapToRegistry uri https://registry.npmjs.org/async
98 verbose addNameRange registry:https://registry.npmjs.org/async not in flight; fetching
99 silly cache add parsed spec { raw: 'i2c@^0.2.1',
99 silly cache add   scope: null,
99 silly cache add   name: 'i2c',
99 silly cache add   rawSpec: '^0.2.1',
99 silly cache add   spec: '>=0.2.1 <0.3.0',
99 silly cache add   type: 'range' }
100 silly addNamed i2c@>=0.2.1 <0.3.0
101 verbose addNamed ">=0.2.1 <0.3.0" is a valid semver range for i2c
102 silly addNameRange { name: 'i2c', range: '>=0.2.1 <0.3.0', hasData: false }
103 silly mapToRegistry name i2c
104 silly mapToRegistry using default registry
105 silly mapToRegistry registry https://registry.npmjs.org/
106 silly mapToRegistry uri https://registry.npmjs.org/i2c
107 verbose addNameRange registry:https://registry.npmjs.org/i2c not in flight; fetching
108 verbose request uri https://registry.npmjs.org/i2c
109 verbose request no auth needed
110 info attempt registry request try #1 at 19:56:47
111 http request GET https://registry.npmjs.org/i2c
112 verbose request uri https://registry.npmjs.org/async
113 verbose request no auth needed
114 info attempt registry request try #1 at 19:56:47
115 verbose etag "67AN67CL44F9RYNSRUM4K3IQ"
116 http request GET https://registry.npmjs.org/async
117 http 304 https://registry.npmjs.org/async
118 silly get cb [ 304,
118 silly get   { date: 'Tue, 01 Sep 2015 22:56:48 GMT',
118 silly get     via: '1.1 varnish',
118 silly get     'cache-control': 'max-age=60',
118 silly get     etag: '"67AN67CL44F9RYNSRUM4K3IQ"',
118 silly get     age: '3',
118 silly get     connection: 'keep-alive',
118 silly get     'x-served-by': 'cache-ord1730-ORD',
118 silly get     'x-cache': 'HIT',
118 silly get     'x-cache-hits': '2',
118 silly get     'x-timer': 'S1441148208.696475,VS0,VE0',
118 silly get     vary: 'Accept' } ]
119 verbose etag https://registry.npmjs.org/async from cache
120 verbose get saving async to /Users/mmiranda/.npm/registry.npmjs.org/async/.cache.json
121 silly addNameRange number 2 { name: 'async', range: '>=0.9.0 <0.10.0', hasData: true }
122 silly addNameRange versions [ 'async',
122 silly addNameRange   [ '0.1.0',
122 silly addNameRange     '0.1.1',
122 silly addNameRange     '0.1.2',
122 silly addNameRange     '0.1.3',
122 silly addNameRange     '0.1.4',
122 silly addNameRange     '0.1.5',
122 silly addNameRange     '0.1.6',
122 silly addNameRange     '0.1.7',
122 silly addNameRange     '0.1.8',
122 silly addNameRange     '0.1.9',
122 silly addNameRange     '0.1.10',
122 silly addNameRange     '0.1.11',
122 silly addNameRange     '0.1.12',
122 silly addNameRange     '0.1.13',
122 silly addNameRange     '0.1.14',
122 silly addNameRange     '0.1.15',
122 silly addNameRange     '0.1.16',
122 silly addNameRange     '0.1.17',
122 silly addNameRange     '0.1.18',
122 silly addNameRange     '0.1.19',
122 silly addNameRange     '0.1.20',
122 silly addNameRange     '0.1.21',
122 silly addNameRange     '0.1.22',
122 silly addNameRange     '0.2.0',
122 silly addNameRange     '0.2.1',
122 silly addNameRange     '0.2.2',
122 silly addNameRange     '0.2.3',
122 silly addNameRange     '0.2.4',
122 silly addNameRange     '0.2.5',
122 silly addNameRange     '0.2.6',
122 silly addNameRange     '0.2.7',
122 silly addNameRange     '0.2.8',
122 silly addNameRange     '0.2.9',
122 silly addNameRange     '0.2.10',
122 silly addNameRange     '0.3.0',
122 silly addNameRange     '0.4.0',
122 silly addNameRange     '0.4.1',
122 silly addNameRange     '0.5.0',
122 silly addNameRange     '0.6.0',
122 silly addNameRange     '0.6.1',
122 silly addNameRange     '0.6.2',
122 silly addNameRange     '0.7.0',
122 silly addNameRange     '0.8.0',
122 silly addNameRange     '0.9.0',
122 silly addNameRange     '0.9.2',
122 silly addNameRange     '1.0.0',
122 silly addNameRange     '1.1.0',
122 silly addNameRange     '1.2.0',
122 silly addNameRange     '1.1.1',
122 silly addNameRange     '1.2.1',
122 silly addNameRange     '1.3.0',
122 silly addNameRange     '1.4.0',
122 silly addNameRange     '1.4.1',
122 silly addNameRange     '1.4.2' ] ]
123 silly addNamed async@0.9.2
124 verbose addNamed "0.9.2" is a plain semver version for async
125 silly cache afterAdd async@0.9.2
126 verbose afterAdd /Users/mmiranda/.npm/async/0.9.2/package/package.json not in flight; writing
127 verbose afterAdd /Users/mmiranda/.npm/async/0.9.2/package/package.json written
128 http 200 https://registry.npmjs.org/i2c
129 silly get cb [ 200,
129 silly get   { server: 'CouchDB/1.5.0 (Erlang OTP/R16B03)',
129 silly get     etag: '"CLY0TF6FO9F6QU25LT9BZURXR"',
129 silly get     'content-type': 'application/json',
129 silly get     'cache-control': 'max-age=60',
129 silly get     'content-length': '15316',
129 silly get     'accept-ranges': 'bytes',
129 silly get     date: 'Tue, 01 Sep 2015 22:56:48 GMT',
129 silly get     via: '1.1 varnish',
129 silly get     age: '0',
129 silly get     connection: 'keep-alive',
129 silly get     'x-served-by': 'cache-ord1732-ORD',
129 silly get     'x-cache': 'MISS',
129 silly get     'x-cache-hits': '0',
129 silly get     'x-timer': 'S1441148208.685548,VS0,VE119',
129 silly get     vary: 'Accept' } ]
130 verbose get saving i2c to /Users/mmiranda/.npm/registry.npmjs.org/i2c/.cache.json
131 silly addNameRange number 2 { name: 'i2c', range: '>=0.2.1 <0.3.0', hasData: true }
132 silly addNameRange versions [ 'i2c',
132 silly addNameRange   [ '0.0.1',
132 silly addNameRange     '0.0.2',
132 silly addNameRange     '0.0.3',
132 silly addNameRange     '0.0.4',
132 silly addNameRange     '0.0.5',
132 silly addNameRange     '0.1.0',
132 silly addNameRange     '0.1.1',
132 silly addNameRange     '0.1.2',
132 silly addNameRange     '0.1.3',
132 silly addNameRange     '0.1.4',
132 silly addNameRange     '0.1.5',
132 silly addNameRange     '0.1.6',
132 silly addNameRange     '0.1.7',
132 silly addNameRange     '0.1.8',
132 silly addNameRange     '0.2.0',
132 silly addNameRange     '0.2.1' ] ]
133 silly addNamed i2c@0.2.1
134 verbose addNamed "0.2.1" is a plain semver version for i2c
135 silly mapToRegistry name i2c
136 silly mapToRegistry using default registry
137 silly mapToRegistry registry https://registry.npmjs.org/
138 silly mapToRegistry uri https://registry.npmjs.org/i2c
139 verbose addRemoteTarball https://registry.npmjs.org/i2c/-/i2c-0.2.1.tgz not in flight; adding
140 verbose addRemoteTarball [ 'https://registry.npmjs.org/i2c/-/i2c-0.2.1.tgz',
140 verbose addRemoteTarball   'e5687031c60acf09aa7ea9d35221a9e9161e0abc' ]
141 info retry fetch attempt 1 at 19:56:49
142 info attempt registry request try #1 at 19:56:49
143 http fetch GET https://registry.npmjs.org/i2c/-/i2c-0.2.1.tgz
144 http fetch 200 https://registry.npmjs.org/i2c/-/i2c-0.2.1.tgz
145 silly fetchAndShaCheck shasum e5687031c60acf09aa7ea9d35221a9e9161e0abc
146 verbose addTmpTarball /var/folders/9x/sygb_rs14mlcd1jjd2ygt1740000gn/T/npm-22158-fd73cd08/registry.npmjs.org/i2c/-/i2c-0.2.1.tgz not in flight; adding
147 verbose addTmpTarball already have metadata; skipping unpack for i2c@0.2.1
148 silly cache afterAdd i2c@0.2.1
149 verbose afterAdd /Users/mmiranda/.npm/i2c/0.2.1/package/package.json not in flight; writing
150 verbose afterAdd /Users/mmiranda/.npm/i2c/0.2.1/package/package.json written
151 silly install resolved [ { name: 'async',
151 silly install resolved     description: 'Higher-order functions and common patterns for asynchronous code',
151 silly install resolved     main: 'lib/async.js',
151 silly install resolved     author: { name: 'Caolan McMahon' },
151 silly install resolved     version: '0.9.2',
151 silly install resolved     keywords: [ 'async', 'callback', 'utility', 'module' ],
151 silly install resolved     repository: { type: 'git', url: 'git+https://github.com/caolan/async.git' },
151 silly install resolved     bugs: { url: 'https://github.com/caolan/async/issues' },
151 silly install resolved     license: 'MIT',
151 silly install resolved     devDependencies:
151 silly install resolved      { nodeunit: '>0.0.0',
151 silly install resolved        'uglify-js': '1.2.x',
151 silly install resolved        nodelint: '>0.0.0',
151 silly install resolved        lodash: '>=2.4.1' },
151 silly install resolved     jam: { main: 'lib/async.js', include: [Object], categories: [Object] },
151 silly install resolved     scripts: { test: 'nodeunit test/test-async.js' },
151 silly install resolved     spm: { main: 'lib/async.js' },
151 silly install resolved     volo: { main: 'lib/async.js', ignore: [Object] },
151 silly install resolved     gitHead: 'de3a16091d5125384eff4a54deb3998b13c3814c',
151 silly install resolved     homepage: 'https://github.com/caolan/async#readme',
151 silly install resolved     _id: 'async@0.9.2',
151 silly install resolved     _shasum: 'aea74d5e61c1f899613bf64bda66d4c78f2fd17d',
151 silly install resolved     _from: 'async@>=0.9.0 <0.10.0',
151 silly install resolved     _npmVersion: '2.9.0',
151 silly install resolved     _nodeVersion: '2.0.1',
151 silly install resolved     _npmUser: { name: 'beaugunderson', email: 'beau@beaugunderson.com' },
151 silly install resolved     maintainers: [ [Object], [Object] ],
151 silly install resolved     dist:
151 silly install resolved      { shasum: 'aea74d5e61c1f899613bf64bda66d4c78f2fd17d',
151 silly install resolved        tarball: 'http://registry.npmjs.org/async/-/async-0.9.2.tgz' },
151 silly install resolved     directories: {},
151 silly install resolved     _resolved: 'https://registry.npmjs.org/async/-/async-0.9.2.tgz',
151 silly install resolved     readme: 'ERROR: No README data found!' },
151 silly install resolved   { name: 'i2c',
151 silly install resolved     version: '0.2.1',
151 silly install resolved     description: 'Native bindings for i2c-dev. Plays well with Raspberry Pi and BeagleBone.',
151 silly install resolved     main: 'main.js',
151 silly install resolved     author: { name: 'Kelly Korevec' },
151 silly install resolved     repository: { type: 'git', url: 'http://github.com/korevec/node-i2c.git' },
151 silly install resolved     license: 'BSD',
151 silly install resolved     dependencies:
151 silly install resolved      { bindings: '1.2.1',
151 silly install resolved        underscore: '1.8.2',
151 silly install resolved        'coffee-script': '1.9.1',
151 silly install resolved        repl: '0.1.3' },
151 silly install resolved     engine: 'node >= 0.12.0',
151 silly install resolved     scripts: { install: 'node-gyp rebuild' },
151 silly install resolved     gypfile: true,
151 silly install resolved     bugs: { url: 'https://github.com/korevec/node-i2c/issues' },
151 silly install resolved     homepage: 'https://github.com/korevec/node-i2c',
151 silly install resolved     _id: 'i2c@0.2.1',
151 silly install resolved     dist:
151 silly install resolved      { shasum: 'e5687031c60acf09aa7ea9d35221a9e9161e0abc',
151 silly install resolved        tarball: 'http://registry.npmjs.org/i2c/-/i2c-0.2.1.tgz' },
151 silly install resolved     _from: 'i2c@>=0.2.1 <0.3.0',
151 silly install resolved     _npmVersion: '1.3.14',
151 silly install resolved     _npmUser: { name: 'kelly', email: 'korevec@gmail.com' },
151 silly install resolved     maintainers: [ [Object] ],
151 silly install resolved     directories: {},
151 silly install resolved     _shasum: 'e5687031c60acf09aa7ea9d35221a9e9161e0abc',
151 silly install resolved     _resolved: 'https://registry.npmjs.org/i2c/-/i2c-0.2.1.tgz' } ]
152 info install async@0.9.2 into /Users/mmiranda/Projects/mambobox/node_modules/node-ads1x15
153 info install i2c@0.2.1 into /Users/mmiranda/Projects/mambobox/node_modules/node-ads1x15
154 info installOne async@0.9.2
155 verbose installOne of async to /Users/mmiranda/Projects/mambobox/node_modules/node-ads1x15 not in flight; installing
156 info installOne i2c@0.2.1
157 verbose installOne of i2c to /Users/mmiranda/Projects/mambobox/node_modules/node-ads1x15 not in flight; installing
158 verbose lock using /Users/mmiranda/.npm/_locks/async-a88d8949b2b7bdbb.lock for /Users/mmiranda/Projects/mambobox/node_modules/node-ads1x15/node_modules/async
159 verbose lock using /Users/mmiranda/.npm/_locks/i2c-049b95f47572675a.lock for /Users/mmiranda/Projects/mambobox/node_modules/node-ads1x15/node_modules/i2c
160 silly install write writing async 0.9.2 to /Users/mmiranda/Projects/mambobox/node_modules/node-ads1x15/node_modules/async
161 silly install write writing i2c 0.2.1 to /Users/mmiranda/Projects/mambobox/node_modules/node-ads1x15/node_modules/i2c
162 verbose unbuild node_modules/node-ads1x15/node_modules/async
163 verbose unbuild node_modules/node-ads1x15/node_modules/i2c
164 silly gentlyRm /Users/mmiranda/Projects/mambobox/node_modules/node-ads1x15/node_modules/async is being purged from base /Users/mmiranda/Projects/mambobox
165 verbose gentlyRm don't care about contents; nuking /Users/mmiranda/Projects/mambobox/node_modules/node-ads1x15/node_modules/async
166 silly gentlyRm /Users/mmiranda/Projects/mambobox/node_modules/node-ads1x15/node_modules/i2c is being purged from base /Users/mmiranda/Projects/mambobox
167 verbose gentlyRm don't care about contents; nuking /Users/mmiranda/Projects/mambobox/node_modules/node-ads1x15/node_modules/i2c
168 verbose tar unpack /Users/mmiranda/.npm/async/0.9.2/package.tgz
169 verbose tar unpacking to /Users/mmiranda/Projects/mambobox/node_modules/node-ads1x15/node_modules/async
170 silly gentlyRm /Users/mmiranda/Projects/mambobox/node_modules/node-ads1x15/node_modules/async is being purged
171 verbose gentlyRm don't care about contents; nuking /Users/mmiranda/Projects/mambobox/node_modules/node-ads1x15/node_modules/async
172 verbose tar unpack /Users/mmiranda/.npm/i2c/0.2.1/package.tgz
173 verbose tar unpacking to /Users/mmiranda/Projects/mambobox/node_modules/node-ads1x15/node_modules/i2c
174 silly gentlyRm /Users/mmiranda/Projects/mambobox/node_modules/node-ads1x15/node_modules/i2c is being purged
175 verbose gentlyRm don't care about contents; nuking /Users/mmiranda/Projects/mambobox/node_modules/node-ads1x15/node_modules/i2c
176 silly gunzTarPerm modes [ '755', '644' ]
177 silly gunzTarPerm modes [ '755', '644' ]
178 silly gunzTarPerm extractEntry package.json
179 silly gunzTarPerm extractEntry package.json
180 silly gunzTarPerm extractEntry .npmignore
181 silly gunzTarPerm extractEntry README.md
182 silly gunzTarPerm extractEntry README.md
183 silly gunzTarPerm extractEntry LICENSE
184 silly gunzTarPerm extractEntry component.json
185 silly gunzTarPerm extractEntry .travis.yml
186 silly gunzTarPerm extractEntry bower.json
187 silly gunzTarPerm extractEntry lib/async.js
188 silly gunzTarPerm extractEntry support/sync-package-managers.js
189 silly gunzTarPerm extractEntry LICENSE
190 silly gunzTarPerm extractEntry main.js
191 silly gunzTarPerm extractEntry binding.gyp
192 silly gunzTarPerm extractEntry examples/accelerometer/accel.coffee
193 silly gunzTarPerm extractEntry examples/blinkm/blinkm.coffee
194 silly gunzTarPerm extractEntry lib/i2c.coffee
195 silly gunzTarPerm extractEntry src/i2c-dev.c
196 silly gunzTarPerm extractEntry src/i2c-dev.h
197 silly gunzTarPerm extractEntry src/i2c.cc
198 verbose write writing to /Users/mmiranda/Projects/mambobox/node_modules/node-ads1x15/node_modules/i2c/package.json
199 info preinstall i2c@0.2.1
200 verbose readDependencies loading dependencies from /Users/mmiranda/Projects/mambobox/node_modules/node-ads1x15/node_modules/i2c/package.json
201 silly prepareForInstallMany adding bindings@1.2.1 from i2c dependencies
202 silly prepareForInstallMany adding underscore@1.8.2 from i2c dependencies
203 silly prepareForInstallMany adding coffee-script@1.9.1 from i2c dependencies
204 silly prepareForInstallMany adding repl@0.1.3 from i2c dependencies
205 verbose readDependencies loading dependencies from /Users/mmiranda/Projects/mambobox/node_modules/node-ads1x15/node_modules/i2c/package.json
206 silly cache add args [ 'bindings@1.2.1', null ]
207 verbose cache add spec bindings@1.2.1
208 silly cache add args [ 'underscore@1.8.2', null ]
209 verbose cache add spec underscore@1.8.2
210 silly cache add parsed spec { raw: 'bindings@1.2.1',
210 silly cache add   scope: null,
210 silly cache add   name: 'bindings',
210 silly cache add   rawSpec: '1.2.1',
210 silly cache add   spec: '1.2.1',
210 silly cache add   type: 'version' }
211 silly addNamed bindings@1.2.1
212 verbose addNamed "1.2.1" is a plain semver version for bindings
213 silly mapToRegistry name bindings
214 silly mapToRegistry using default registry
215 silly mapToRegistry registry https://registry.npmjs.org/
216 silly mapToRegistry uri https://registry.npmjs.org/bindings
217 verbose addNameVersion registry:https://registry.npmjs.org/bindings not in flight; fetching
218 silly cache add parsed spec { raw: 'underscore@1.8.2',
218 silly cache add   scope: null,
218 silly cache add   name: 'underscore',
218 silly cache add   rawSpec: '1.8.2',
218 silly cache add   spec: '1.8.2',
218 silly cache add   type: 'version' }
219 silly addNamed underscore@1.8.2
220 verbose addNamed "1.8.2" is a plain semver version for underscore
221 silly mapToRegistry name underscore
222 silly mapToRegistry using default registry
223 silly mapToRegistry registry https://registry.npmjs.org/
224 silly mapToRegistry uri https://registry.npmjs.org/underscore
225 verbose addNameVersion registry:https://registry.npmjs.org/underscore not in flight; fetching
226 silly cache add args [ 'coffee-script@1.9.1', null ]
227 verbose cache add spec coffee-script@1.9.1
228 silly cache add parsed spec { raw: 'coffee-script@1.9.1',
228 silly cache add   scope: null,
228 silly cache add   name: 'coffee-script',
228 silly cache add   rawSpec: '1.9.1',
228 silly cache add   spec: '1.9.1',
228 silly cache add   type: 'version' }
229 silly addNamed coffee-script@1.9.1
230 verbose addNamed "1.9.1" is a plain semver version for coffee-script
231 silly mapToRegistry name coffee-script
232 silly mapToRegistry using default registry
233 silly mapToRegistry registry https://registry.npmjs.org/
234 silly mapToRegistry uri https://registry.npmjs.org/coffee-script
235 verbose addNameVersion registry:https://registry.npmjs.org/coffee-script not in flight; fetching
236 silly cache add args [ 'repl@0.1.3', null ]
237 verbose cache add spec repl@0.1.3
238 silly cache add parsed spec { raw: 'repl@0.1.3',
238 silly cache add   scope: null,
238 silly cache add   name: 'repl',
238 silly cache add   rawSpec: '0.1.3',
238 silly cache add   spec: '0.1.3',
238 silly cache add   type: 'version' }
239 silly addNamed repl@0.1.3
240 verbose addNamed "0.1.3" is a plain semver version for repl
241 silly mapToRegistry name repl
242 silly mapToRegistry using default registry
243 silly mapToRegistry registry https://registry.npmjs.org/
244 silly mapToRegistry uri https://registry.npmjs.org/repl
245 verbose addNameVersion registry:https://registry.npmjs.org/repl not in flight; fetching
246 verbose write writing to /Users/mmiranda/Projects/mambobox/node_modules/node-ads1x15/node_modules/async/package.json
247 verbose request uri https://registry.npmjs.org/repl
248 verbose request no auth needed
249 info attempt registry request try #1 at 19:56:50
250 http request GET https://registry.npmjs.org/repl
251 verbose request uri https://registry.npmjs.org/bindings
252 verbose request no auth needed
253 info attempt registry request try #1 at 19:56:50
254 verbose etag "BCS5XYG9ISNJFNKEL5FLOI5HX"
255 http request GET https://registry.npmjs.org/bindings
256 verbose request uri https://registry.npmjs.org/coffee-script
257 verbose request no auth needed
258 info attempt registry request try #1 at 19:56:50
259 verbose etag "C6L60NDB3FP3YOIBU23USE1HZ"
260 http request GET https://registry.npmjs.org/coffee-script
261 verbose request uri https://registry.npmjs.org/underscore
262 verbose request no auth needed
263 info attempt registry request try #1 at 19:56:50
264 verbose etag "1TUSNZGONTQQ1FX4CD1J0XN5W"
265 http request GET https://registry.npmjs.org/underscore
266 info preinstall async@0.9.2
267 verbose readDependencies loading dependencies from /Users/mmiranda/Projects/mambobox/node_modules/node-ads1x15/node_modules/async/package.json
268 verbose readDependencies loading dependencies from /Users/mmiranda/Projects/mambobox/node_modules/node-ads1x15/node_modules/async/package.json
269 silly install resolved []
270 verbose about to build /Users/mmiranda/Projects/mambobox/node_modules/node-ads1x15/node_modules/async
271 info build /Users/mmiranda/Projects/mambobox/node_modules/node-ads1x15/node_modules/async
272 info linkStuff async@0.9.2
273 silly linkStuff async@0.9.2 has /Users/mmiranda/Projects/mambobox/node_modules/node-ads1x15/node_modules as its parent node_modules
274 verbose linkBins async@0.9.2
275 verbose linkMans async@0.9.2
276 verbose rebuildBundles async@0.9.2
277 info install async@0.9.2
278 info postinstall async@0.9.2
279 verbose unlock done using /Users/mmiranda/.npm/_locks/async-a88d8949b2b7bdbb.lock for /Users/mmiranda/Projects/mambobox/node_modules/node-ads1x15/node_modules/async
280 http 304 https://registry.npmjs.org/underscore
281 silly get cb [ 304,
281 silly get   { date: 'Tue, 01 Sep 2015 22:56:51 GMT',
281 silly get     via: '1.1 varnish',
281 silly get     'cache-control': 'max-age=60',
281 silly get     etag: '"1TUSNZGONTQQ1FX4CD1J0XN5W"',
281 silly get     age: '25',
281 silly get     connection: 'keep-alive',
281 silly get     'x-served-by': 'cache-ord1729-ORD',
281 silly get     'x-cache': 'HIT',
281 silly get     'x-cache-hits': '1',
281 silly get     'x-timer': 'S1441148211.442158,VS0,VE2',
281 silly get     vary: 'Accept' } ]
282 verbose etag https://registry.npmjs.org/underscore from cache
283 verbose get saving underscore to /Users/mmiranda/.npm/registry.npmjs.org/underscore/.cache.json
284 silly cache afterAdd underscore@1.8.2
285 verbose afterAdd /Users/mmiranda/.npm/underscore/1.8.2/package/package.json not in flight; writing
286 verbose afterAdd /Users/mmiranda/.npm/underscore/1.8.2/package/package.json written
287 http 200 https://registry.npmjs.org/repl
288 silly get cb [ 200,
288 silly get   { server: 'CouchDB/1.5.0 (Erlang OTP/R16B03)',
288 silly get     etag: '"3VRGHJJU6ILI2IGC4MJR5CJWU"',
288 silly get     'content-type': 'application/json',
288 silly get     'cache-control': 'max-age=60',
288 silly get     'content-length': '3331',
288 silly get     'accept-ranges': 'bytes',
288 silly get     date: 'Tue, 01 Sep 2015 22:56:51 GMT',
288 silly get     via: '1.1 varnish',
288 silly get     age: '0',
288 silly get     connection: 'keep-alive',
288 silly get     'x-served-by': 'cache-ord1731-ORD',
288 silly get     'x-cache': 'MISS',
288 silly get     'x-cache-hits': '0',
288 silly get     'x-timer': 'S1441148211.610235,VS0,VE42',
288 silly get     vary: 'Accept' } ]
289 verbose get saving repl to /Users/mmiranda/.npm/registry.npmjs.org/repl/.cache.json
290 http 304 https://registry.npmjs.org/bindings
291 silly get cb [ 304,
291 silly get   { date: 'Tue, 01 Sep 2015 22:56:51 GMT',
291 silly get     via: '1.1 varnish',
291 silly get     'cache-control': 'max-age=60',
291 silly get     etag: '"BCS5XYG9ISNJFNKEL5FLOI5HX"',
291 silly get     age: '27',
291 silly get     connection: 'keep-alive',
291 silly get     'x-served-by': 'cache-ord1732-ORD',
291 silly get     'x-cache': 'HIT',
291 silly get     'x-cache-hits': '1',
291 silly get     'x-timer': 'S1441148211.660794,VS0,VE0',
291 silly get     vary: 'Accept' } ]
292 verbose etag https://registry.npmjs.org/bindings from cache
293 verbose get saving bindings to /Users/mmiranda/.npm/registry.npmjs.org/bindings/.cache.json
294 silly mapToRegistry name repl
295 silly mapToRegistry using default registry
296 silly mapToRegistry registry https://registry.npmjs.org/
297 silly mapToRegistry uri https://registry.npmjs.org/repl
298 verbose addRemoteTarball https://registry.npmjs.org/repl/-/repl-0.1.3.tgz not in flight; adding
299 verbose addRemoteTarball [ 'https://registry.npmjs.org/repl/-/repl-0.1.3.tgz',
299 verbose addRemoteTarball   '2f05d42b0c88b43d05ccbda10ed14aeff5699b60' ]
300 info retry fetch attempt 1 at 19:56:51
301 info attempt registry request try #1 at 19:56:51
302 http fetch GET https://registry.npmjs.org/repl/-/repl-0.1.3.tgz
303 silly cache afterAdd bindings@1.2.1
304 verbose afterAdd /Users/mmiranda/.npm/bindings/1.2.1/package/package.json not in flight; writing
305 verbose afterAdd /Users/mmiranda/.npm/bindings/1.2.1/package/package.json written
306 http 200 https://registry.npmjs.org/coffee-script
307 silly get cb [ 200,
307 silly get   { server: 'CouchDB/1.5.0 (Erlang OTP/R16B03)',
307 silly get     etag: '"3LSXOWDIOFPS4E9WL1PXZRM02"',
307 silly get     'content-type': 'application/json',
307 silly get     'cache-control': 'max-age=60',
307 silly get     'content-length': '39488',
307 silly get     'accept-ranges': 'bytes',
307 silly get     date: 'Tue, 01 Sep 2015 22:56:51 GMT',
307 silly get     via: '1.1 varnish',
307 silly get     age: '30',
307 silly get     connection: 'keep-alive',
307 silly get     'x-served-by': 'cache-ord1720-ORD',
307 silly get     'x-cache': 'HIT',
307 silly get     'x-cache-hits': '2',
307 silly get     'x-timer': 'S1441148211.450389,VS0,VE0',
307 silly get     vary: 'Accept' } ]
308 verbose get saving coffee-script to /Users/mmiranda/.npm/registry.npmjs.org/coffee-script/.cache.json
309 silly mapToRegistry name coffee-script
310 silly mapToRegistry using default registry
311 silly mapToRegistry registry https://registry.npmjs.org/
312 silly mapToRegistry uri https://registry.npmjs.org/coffee-script
313 verbose addRemoteTarball https://registry.npmjs.org/coffee-script/-/coffee-script-1.9.1.tgz not in flight; adding
314 verbose addRemoteTarball [ 'https://registry.npmjs.org/coffee-script/-/coffee-script-1.9.1.tgz',
314 verbose addRemoteTarball   'c458d02200f460d064a79cb6ab1ee6e2c9ca1c31' ]
315 info retry fetch attempt 1 at 19:56:51
316 info attempt registry request try #1 at 19:56:51
317 http fetch GET https://registry.npmjs.org/coffee-script/-/coffee-script-1.9.1.tgz
318 http fetch 200 https://registry.npmjs.org/repl/-/repl-0.1.3.tgz
319 silly fetchAndShaCheck shasum 2f05d42b0c88b43d05ccbda10ed14aeff5699b60
320 verbose addTmpTarball /var/folders/9x/sygb_rs14mlcd1jjd2ygt1740000gn/T/npm-22158-fd73cd08/registry.npmjs.org/repl/-/repl-0.1.3.tgz not in flight; adding
321 verbose addTmpTarball already have metadata; skipping unpack for repl@0.1.3
322 silly cache afterAdd repl@0.1.3
323 verbose afterAdd /Users/mmiranda/.npm/repl/0.1.3/package/package.json not in flight; writing
324 verbose afterAdd /Users/mmiranda/.npm/repl/0.1.3/package/package.json written
325 http fetch 200 https://registry.npmjs.org/coffee-script/-/coffee-script-1.9.1.tgz
326 silly fetchAndShaCheck shasum c458d02200f460d064a79cb6ab1ee6e2c9ca1c31
327 verbose addTmpTarball /var/folders/9x/sygb_rs14mlcd1jjd2ygt1740000gn/T/npm-22158-fd73cd08/registry.npmjs.org/coffee-script/-/coffee-script-1.9.1.tgz not in flight; adding
328 verbose addTmpTarball already have metadata; skipping unpack for coffee-script@1.9.1
329 silly cache afterAdd coffee-script@1.9.1
330 verbose afterAdd /Users/mmiranda/.npm/coffee-script/1.9.1/package/package.json not in flight; writing
331 verbose afterAdd /Users/mmiranda/.npm/coffee-script/1.9.1/package/package.json written
332 silly install resolved [ { name: 'underscore',
332 silly install resolved     description: 'JavaScript\'s functional programming helper library.',
332 silly install resolved     homepage: 'http://underscorejs.org',
332 silly install resolved     keywords: [ 'util', 'functional', 'server', 'client', 'browser' ],
332 silly install resolved     author: { name: 'Jeremy Ashkenas', email: 'jeremy@documentcloud.org' },
332 silly install resolved     repository:
332 silly install resolved      { type: 'git',
332 silly install resolved        url: 'git://github.com/jashkenas/underscore.git' },
332 silly install resolved     main: 'underscore.js',
332 silly install resolved     version: '1.8.2',
332 silly install resolved     devDependencies:
332 silly install resolved      { docco: '*',
332 silly install resolved        eslint: '0.6.x',
332 silly install resolved        karma: '~0.12.31',
332 silly install resolved        'karma-qunit': '~0.1.4',
332 silly install resolved        'qunit-cli': '~0.2.0',
332 silly install resolved        'uglify-js': '2.4.x' },
332 silly install resolved     scripts:
332 silly install resolved      { test: 'npm run test-node && npm run lint',
332 silly install resolved        lint: 'eslint underscore.js test/*.js',
332 silly install resolved        'test-node': 'qunit-cli test/*.js',
332 silly install resolved        'test-browser': 'npm i karma-phantomjs-launcher && ./node_modules/karma/bin/karma start',
332 silly install resolved        build: 'uglifyjs underscore.js -c "evaluate=false" --comments "/    .*/" -m --source-map underscore-min.map -o underscore-min.js',
332 silly install resolved        doc: 'docco underscore.js' },
332 silly install resolved     license: 'MIT',
332 silly install resolved     files:
332 silly install resolved      [ 'underscore.js',
332 silly install resolved        'underscore-min.js',
332 silly install resolved        'underscore-min.map',
332 silly install resolved        'LICENSE' ],
332 silly install resolved     gitHead: '19db749b190a7cb5a8b7ab1aab42c0e9dc517250',
332 silly install resolved     bugs: { url: 'https://github.com/jashkenas/underscore/issues' },
332 silly install resolved     _id: 'underscore@1.8.2',
332 silly install resolved     _shasum: '64df2eb590899de950782f3735190ba42ebf311d',
332 silly install resolved     _from: 'underscore@1.8.2',
332 silly install resolved     _npmVersion: '1.4.28',
332 silly install resolved     _npmUser: { name: 'jashkenas', email: 'jashkenas@gmail.com' },
332 silly install resolved     maintainers: [ [Object] ],
332 silly install resolved     dist:
332 silly install resolved      { shasum: '64df2eb590899de950782f3735190ba42ebf311d',
332 silly install resolved        tarball: 'http://registry.npmjs.org/underscore/-/underscore-1.8.2.tgz' },
332 silly install resolved     directories: {},
332 silly install resolved     _resolved: 'https://registry.npmjs.org/underscore/-/underscore-1.8.2.tgz',
332 silly install resolved     readme: 'ERROR: No README data found!' },
332 silly install resolved   { name: 'bindings',
332 silly install resolved     description: 'Helper module for loading your native module\'s .node file',
332 silly install resolved     keywords: [ 'native', 'addon', 'bindings', 'gyp', 'waf', 'c', 'c++' ],
332 silly install resolved     version: '1.2.1',
332 silly install resolved     author:
332 silly install resolved      { name: 'Nathan Rajlich',
332 silly install resolved        email: 'nathan@tootallnate.net',
332 silly install resolved        url: 'http://tootallnate.net' },
332 silly install resolved     repository:
332 silly install resolved      { type: 'git',
332 silly install resolved        url: 'git://github.com/TooTallNate/node-bindings.git' },
332 silly install resolved     main: './bindings.js',
332 silly install resolved     bugs: { url: 'https://github.com/TooTallNate/node-bindings/issues' },
332 silly install resolved     homepage: 'https://github.com/TooTallNate/node-bindings',
332 silly install resolved     license: 'MIT',
332 silly install resolved     gitHead: 'e404152ee27f8478ccbc7122ee051246e8e5ec02',
332 silly install resolved     _id: 'bindings@1.2.1',
332 silly install resolved     scripts: {},
332 silly install resolved     _shasum: '14ad6113812d2d37d72e67b4cacb4bb726505f11',
332 silly install resolved     _from: 'bindings@1.2.1',
332 silly install resolved     _npmVersion: '1.4.14',
332 silly install resolved     _npmUser: { name: 'tootallnate', email: 'nathan@tootallnate.net' },
332 silly install resolved     maintainers: [ [Object], [Object] ],
332 silly install resolved     dist:
332 silly install resolved      { shasum: '14ad6113812d2d37d72e67b4cacb4bb726505f11',
332 silly install resolved        tarball: 'http://registry.npmjs.org/bindings/-/bindings-1.2.1.tgz' },
332 silly install resolved     directories: {},
332 silly install resolved     _resolved: 'https://registry.npmjs.org/bindings/-/bindings-1.2.1.tgz',
332 silly install resolved     readme: 'ERROR: No README data found!' },
332 silly install resolved   { name: 'repl',
332 silly install resolved     author: { name: 'Firejune', url: 'http://firejune.com/' },
332 silly install resolved     version: '0.1.3',
332 silly install resolved     description: 'A simple fast template libray.',
332 silly install resolved     homepage: 'http://github.com/firejune/repl',
332 silly install resolved     keywords: [ 'template', 'engine', 'repl' ],
332 silly install resolved     main: 'lib/template',
332 silly install resolved     directories: { lib: 'lib' },
332 silly install resolved     repository: { type: 'git', url: 'git://github.com/firejune/repl.git' },
332 silly install resolved     licenses: [ [Object] ],
332 silly install resolved     bugs: { url: 'http://github.com/firejune/repl/issues' },
332 silly install resolved     engines: { node: '>= 0.4.0' },
332 silly install resolved     _npmUser: { name: 'firejune', email: 'to@firejune.com' },
332 silly install resolved     _id: 'repl@0.1.3',
332 silly install resolved     dependencies: {},
332 silly install resolved     devDependencies: {},
332 silly install resolved     _engineSupported: true,
332 silly install resolved     _npmVersion: '1.0.94',
332 silly install resolved     _nodeVersion: 'v0.4.12',
332 silly install resolved     _defaultsLoaded: true,
332 silly install resolved     dist:
332 silly install resolved      { shasum: '2f05d42b0c88b43d05ccbda10ed14aeff5699b60',
332 silly install resolved        tarball: 'http://registry.npmjs.org/repl/-/repl-0.1.3.tgz' },
332 silly install resolved     maintainers: [ [Object] ],
332 silly install resolved     _shasum: '2f05d42b0c88b43d05ccbda10ed14aeff5699b60',
332 silly install resolved     _resolved: 'https://registry.npmjs.org/repl/-/repl-0.1.3.tgz',
332 silly install resolved     _from: 'repl@0.1.3' },
332 silly install resolved   { name: 'coffee-script',
332 silly install resolved     description: 'Unfancy JavaScript',
332 silly install resolved     keywords: [ 'javascript', 'language', 'coffeescript', 'compiler' ],
332 silly install resolved     author: { name: 'Jeremy Ashkenas' },
332 silly install resolved     version: '1.9.1',
332 silly install resolved     license: 'MIT',
332 silly install resolved     engines: { node: '>=0.8.0' },
332 silly install resolved     directories: { lib: './lib/coffee-script' },
332 silly install resolved     main: './lib/coffee-script/coffee-script',
332 silly install resolved     bin: { coffee: './bin/coffee', cake: './bin/cake' },
332 silly install resolved     preferGlobal: true,
332 silly install resolved     scripts:
332 silly install resolved      { test: 'node ./bin/cake test',
332 silly install resolved        'test-harmony': 'node --harmony ./bin/cake test' },
332 silly install resolved     homepage: 'http://coffeescript.org',
332 silly install resolved     bugs: { url: 'https://github.com/jashkenas/coffeescript/issues' },
332 silly install resolved     repository:
332 silly install resolved      { type: 'git',
332 silly install resolved        url: 'git://github.com/jashkenas/coffeescript.git' },
332 silly install resolved     devDependencies:
332 silly install resolved      { 'uglify-js': '~2.2',
332 silly install resolved        jison: '>=0.2.0',
332 silly install resolved        'highlight.js': '~8.0.0',
332 silly install resolved        underscore: '~1.5.2',
332 silly install resolved        docco: '~0.7.0' },
332 silly install resolved     gitHead: '533ad8afe920b2dbf64ffb00efda45648242cc24',
332 silly install resolved     _id: 'coffee-script@1.9.1',
332 silly install resolved     _shasum: 'c458d02200f460d064a79cb6ab1ee6e2c9ca1c31',
332 silly install resolved     _from: 'coffee-script@1.9.1',
332 silly install resolved     _npmVersion: '1.4.28',
332 silly install resolved     _npmUser: { name: 'jashkenas', email: 'jashkenas@gmail.com' },
332 silly install resolved     maintainers: [ [Object], [Object] ],
332 silly install resolved     dist:
332 silly install resolved      { shasum: 'c458d02200f460d064a79cb6ab1ee6e2c9ca1c31',
332 silly install resolved        tarball: 'http://registry.npmjs.org/coffee-script/-/coffee-script-1.9.1.tgz' },
332 silly install resolved     _resolved: 'https://registry.npmjs.org/coffee-script/-/coffee-script-1.9.1.tgz' } ]
333 info install underscore@1.8.2 into /Users/mmiranda/Projects/mambobox/node_modules/node-ads1x15/node_modules/i2c
334 info install bindings@1.2.1 into /Users/mmiranda/Projects/mambobox/node_modules/node-ads1x15/node_modules/i2c
335 info install repl@0.1.3 into /Users/mmiranda/Projects/mambobox/node_modules/node-ads1x15/node_modules/i2c
336 info install coffee-script@1.9.1 into /Users/mmiranda/Projects/mambobox/node_modules/node-ads1x15/node_modules/i2c
337 info installOne underscore@1.8.2
338 verbose installOne of underscore to /Users/mmiranda/Projects/mambobox/node_modules/node-ads1x15/node_modules/i2c not in flight; installing
339 info installOne bindings@1.2.1
340 verbose installOne of bindings to /Users/mmiranda/Projects/mambobox/node_modules/node-ads1x15/node_modules/i2c not in flight; installing
341 info installOne repl@0.1.3
342 verbose installOne of repl to /Users/mmiranda/Projects/mambobox/node_modules/node-ads1x15/node_modules/i2c not in flight; installing
343 info installOne coffee-script@1.9.1
344 verbose installOne of coffee-script to /Users/mmiranda/Projects/mambobox/node_modules/node-ads1x15/node_modules/i2c not in flight; installing
345 verbose lock using /Users/mmiranda/.npm/_locks/underscore-9ec90d340ca4f0bc.lock for /Users/mmiranda/Projects/mambobox/node_modules/node-ads1x15/node_modules/i2c/node_modules/underscore
346 silly install write writing underscore 1.8.2 to /Users/mmiranda/Projects/mambobox/node_modules/node-ads1x15/node_modules/i2c/node_modules/underscore
347 verbose lock using /Users/mmiranda/.npm/_locks/coffee-script-85235dd708a2124e.lock for /Users/mmiranda/Projects/mambobox/node_modules/node-ads1x15/node_modules/i2c/node_modules/coffee-script
348 verbose lock using /Users/mmiranda/.npm/_locks/bindings-898d33eb4ac40572.lock for /Users/mmiranda/Projects/mambobox/node_modules/node-ads1x15/node_modules/i2c/node_modules/bindings
349 silly install write writing coffee-script 1.9.1 to /Users/mmiranda/Projects/mambobox/node_modules/node-ads1x15/node_modules/i2c/node_modules/coffee-script
350 silly install write writing bindings 1.2.1 to /Users/mmiranda/Projects/mambobox/node_modules/node-ads1x15/node_modules/i2c/node_modules/bindings
351 verbose lock using /Users/mmiranda/.npm/_locks/repl-0a5ee44937ff49d3.lock for /Users/mmiranda/Projects/mambobox/node_modules/node-ads1x15/node_modules/i2c/node_modules/repl
352 silly install write writing repl 0.1.3 to /Users/mmiranda/Projects/mambobox/node_modules/node-ads1x15/node_modules/i2c/node_modules/repl
353 verbose unbuild node_modules/node-ads1x15/node_modules/i2c/node_modules/underscore
354 silly gentlyRm /Users/mmiranda/Projects/mambobox/node_modules/node-ads1x15/node_modules/i2c/node_modules/underscore is being purged from base /Users/mmiranda/Projects/mambobox
355 verbose gentlyRm don't care about contents; nuking /Users/mmiranda/Projects/mambobox/node_modules/node-ads1x15/node_modules/i2c/node_modules/underscore
356 verbose unbuild node_modules/node-ads1x15/node_modules/i2c/node_modules/bindings
357 verbose unbuild node_modules/node-ads1x15/node_modules/i2c/node_modules/coffee-script
358 verbose tar unpack /Users/mmiranda/.npm/underscore/1.8.2/package.tgz
359 verbose tar unpacking to /Users/mmiranda/Projects/mambobox/node_modules/node-ads1x15/node_modules/i2c/node_modules/underscore
360 silly gentlyRm /Users/mmiranda/Projects/mambobox/node_modules/node-ads1x15/node_modules/i2c/node_modules/underscore is being purged
361 verbose gentlyRm don't care about contents; nuking /Users/mmiranda/Projects/mambobox/node_modules/node-ads1x15/node_modules/i2c/node_modules/underscore
362 verbose unbuild node_modules/node-ads1x15/node_modules/i2c/node_modules/repl
363 silly gunzTarPerm modes [ '755', '644' ]
364 silly gentlyRm /Users/mmiranda/Projects/mambobox/node_modules/node-ads1x15/node_modules/i2c/node_modules/bindings is being purged from base /Users/mmiranda/Projects/mambobox
365 verbose gentlyRm don't care about contents; nuking /Users/mmiranda/Projects/mambobox/node_modules/node-ads1x15/node_modules/i2c/node_modules/bindings
366 silly gentlyRm /Users/mmiranda/Projects/mambobox/node_modules/node-ads1x15/node_modules/i2c/node_modules/coffee-script is being purged from base /Users/mmiranda/Projects/mambobox
367 verbose gentlyRm don't care about contents; nuking /Users/mmiranda/Projects/mambobox/node_modules/node-ads1x15/node_modules/i2c/node_modules/coffee-script
368 verbose tar unpack /Users/mmiranda/.npm/bindings/1.2.1/package.tgz
369 verbose tar unpacking to /Users/mmiranda/Projects/mambobox/node_modules/node-ads1x15/node_modules/i2c/node_modules/bindings
370 silly gentlyRm /Users/mmiranda/Projects/mambobox/node_modules/node-ads1x15/node_modules/i2c/node_modules/bindings is being purged
371 verbose gentlyRm don't care about contents; nuking /Users/mmiranda/Projects/mambobox/node_modules/node-ads1x15/node_modules/i2c/node_modules/bindings
372 silly gentlyRm /Users/mmiranda/Projects/mambobox/node_modules/node-ads1x15/node_modules/i2c/node_modules/repl is being purged from base /Users/mmiranda/Projects/mambobox
373 verbose gentlyRm don't care about contents; nuking /Users/mmiranda/Projects/mambobox/node_modules/node-ads1x15/node_modules/i2c/node_modules/repl
374 verbose tar unpack /Users/mmiranda/.npm/coffee-script/1.9.1/package.tgz
375 verbose tar unpacking to /Users/mmiranda/Projects/mambobox/node_modules/node-ads1x15/node_modules/i2c/node_modules/coffee-script
376 silly gentlyRm /Users/mmiranda/Projects/mambobox/node_modules/node-ads1x15/node_modules/i2c/node_modules/coffee-script is being purged
377 verbose gentlyRm don't care about contents; nuking /Users/mmiranda/Projects/mambobox/node_modules/node-ads1x15/node_modules/i2c/node_modules/coffee-script
378 silly gunzTarPerm modes [ '755', '644' ]
379 verbose tar unpack /Users/mmiranda/.npm/repl/0.1.3/package.tgz
380 verbose tar unpacking to /Users/mmiranda/Projects/mambobox/node_modules/node-ads1x15/node_modules/i2c/node_modules/repl
381 silly gentlyRm /Users/mmiranda/Projects/mambobox/node_modules/node-ads1x15/node_modules/i2c/node_modules/repl is being purged
382 verbose gentlyRm don't care about contents; nuking /Users/mmiranda/Projects/mambobox/node_modules/node-ads1x15/node_modules/i2c/node_modules/repl
383 silly gunzTarPerm modes [ '755', '644' ]
384 silly gunzTarPerm modes [ '755', '644' ]
385 silly gunzTarPerm extractEntry package.json
386 silly gunzTarPerm extractEntry package.json
387 silly gunzTarPerm extractEntry package.json
388 silly gunzTarPerm extractEntry README.md
389 silly gunzTarPerm extractEntry LICENSE
390 silly gunzTarPerm extractEntry test.js
391 silly gunzTarPerm extractEntry README.md
392 silly gunzTarPerm extractEntry bindings.js
393 silly gunzTarPerm extractEntry .npmignore
394 silly gunzTarPerm extractEntry README
395 silly gunzTarPerm extractEntry README.md
396 silly gunzTarPerm extractEntry package.json
397 silly gunzTarPerm extractEntry underscore.js
398 silly gunzTarPerm extractEntry underscore-min.js
399 silly gunzTarPerm extractEntry underscore-min.map
400 silly gunzTarPerm extractEntry README.md
401 silly gunzTarPerm extractEntry LICENSE
402 silly gunzTarPerm extractEntry index.js
403 silly gunzTarPerm extractEntry lib/repl.js
404 silly gunzTarPerm extractEntry register.js
405 silly gunzTarPerm extractEntry repl.js
406 silly gunzTarPerm extractEntry bin/cake
407 silly gunzTarPerm extractEntry bin/coffee
408 silly gunzTarPerm extractEntry bower.json
409 silly gunzTarPerm extractEntry lib/coffee-script/browser.js
410 verbose write writing to /Users/mmiranda/Projects/mambobox/node_modules/node-ads1x15/node_modules/i2c/node_modules/bindings/package.json
411 silly gunzTarPerm extractEntry lib/coffee-script/grammar.js
412 silly gunzTarPerm extractEntry lib/coffee-script/helpers.js
413 info preinstall bindings@1.2.1
414 verbose write writing to /Users/mmiranda/Projects/mambobox/node_modules/node-ads1x15/node_modules/i2c/node_modules/repl/package.json
415 verbose readDependencies loading dependencies from /Users/mmiranda/Projects/mambobox/node_modules/node-ads1x15/node_modules/i2c/node_modules/bindings/package.json
416 silly gunzTarPerm extractEntry lib/coffee-script/index.js
417 silly gunzTarPerm extractEntry lib/coffee-script/lexer.js
418 info preinstall repl@0.1.3
419 verbose readDependencies loading dependencies from /Users/mmiranda/Projects/mambobox/node_modules/node-ads1x15/node_modules/i2c/node_modules/bindings/package.json
420 verbose readDependencies loading dependencies from /Users/mmiranda/Projects/mambobox/node_modules/node-ads1x15/node_modules/i2c/node_modules/repl/package.json
421 silly gunzTarPerm extractEntry lib/coffee-script/command.js
422 silly gunzTarPerm extractEntry lib/coffee-script/optparse.js
423 silly install resolved []
424 verbose about to build /Users/mmiranda/Projects/mambobox/node_modules/node-ads1x15/node_modules/i2c/node_modules/bindings
425 info build /Users/mmiranda/Projects/mambobox/node_modules/node-ads1x15/node_modules/i2c/node_modules/bindings
426 info linkStuff bindings@1.2.1
427 silly linkStuff bindings@1.2.1 has /Users/mmiranda/Projects/mambobox/node_modules/node-ads1x15/node_modules/i2c/node_modules as its parent node_modules
428 verbose readDependencies loading dependencies from /Users/mmiranda/Projects/mambobox/node_modules/node-ads1x15/node_modules/i2c/node_modules/repl/package.json
429 silly gunzTarPerm extractEntry lib/coffee-script/parser.js
430 silly gunzTarPerm extractEntry lib/coffee-script/register.js
431 silly install resolved []
432 verbose about to build /Users/mmiranda/Projects/mambobox/node_modules/node-ads1x15/node_modules/i2c/node_modules/repl
433 info build /Users/mmiranda/Projects/mambobox/node_modules/node-ads1x15/node_modules/i2c/node_modules/repl
434 verbose linkBins bindings@1.2.1
435 verbose linkMans bindings@1.2.1
436 verbose rebuildBundles bindings@1.2.1
437 info install bindings@1.2.1
438 info postinstall bindings@1.2.1
439 silly gunzTarPerm extractEntry lib/coffee-script/repl.js
440 silly gunzTarPerm extractEntry lib/coffee-script/rewriter.js
441 verbose unlock done using /Users/mmiranda/.npm/_locks/bindings-898d33eb4ac40572.lock for /Users/mmiranda/Projects/mambobox/node_modules/node-ads1x15/node_modules/i2c/node_modules/bindings
442 info linkStuff repl@0.1.3
443 silly linkStuff repl@0.1.3 has /Users/mmiranda/Projects/mambobox/node_modules/node-ads1x15/node_modules/i2c/node_modules as its parent node_modules
444 silly gunzTarPerm extractEntry lib/coffee-script/coffee-script.js
445 silly gunzTarPerm extractEntry lib/coffee-script/scope.js
446 verbose linkBins repl@0.1.3
447 verbose linkMans repl@0.1.3
448 verbose rebuildBundles repl@0.1.3
449 info install repl@0.1.3
450 info postinstall repl@0.1.3
451 verbose unlock done using /Users/mmiranda/.npm/_locks/repl-0a5ee44937ff49d3.lock for /Users/mmiranda/Projects/mambobox/node_modules/node-ads1x15/node_modules/i2c/node_modules/repl
452 silly gunzTarPerm extractEntry lib/coffee-script/cake.js
453 silly gunzTarPerm extractEntry lib/coffee-script/sourcemap.js
454 silly gunzTarPerm extractEntry lib/coffee-script/nodes.js
455 silly gunzTarPerm extractEntry CNAME
456 silly gunzTarPerm extractEntry CONTRIBUTING.md
457 verbose write writing to /Users/mmiranda/Projects/mambobox/node_modules/node-ads1x15/node_modules/i2c/node_modules/underscore/package.json
458 info preinstall underscore@1.8.2
459 verbose readDependencies loading dependencies from /Users/mmiranda/Projects/mambobox/node_modules/node-ads1x15/node_modules/i2c/node_modules/underscore/package.json
460 verbose readDependencies loading dependencies from /Users/mmiranda/Projects/mambobox/node_modules/node-ads1x15/node_modules/i2c/node_modules/underscore/package.json
461 silly install resolved []
462 verbose about to build /Users/mmiranda/Projects/mambobox/node_modules/node-ads1x15/node_modules/i2c/node_modules/underscore
463 info build /Users/mmiranda/Projects/mambobox/node_modules/node-ads1x15/node_modules/i2c/node_modules/underscore
464 info linkStuff underscore@1.8.2
465 silly linkStuff underscore@1.8.2 has /Users/mmiranda/Projects/mambobox/node_modules/node-ads1x15/node_modules/i2c/node_modules as its parent node_modules
466 verbose linkBins underscore@1.8.2
467 verbose linkMans underscore@1.8.2
468 verbose rebuildBundles underscore@1.8.2
469 info install underscore@1.8.2
470 info postinstall underscore@1.8.2
471 verbose unlock done using /Users/mmiranda/.npm/_locks/underscore-9ec90d340ca4f0bc.lock for /Users/mmiranda/Projects/mambobox/node_modules/node-ads1x15/node_modules/i2c/node_modules/underscore
472 verbose write writing to /Users/mmiranda/Projects/mambobox/node_modules/node-ads1x15/node_modules/i2c/node_modules/coffee-script/package.json
473 info preinstall coffee-script@1.9.1
474 verbose readDependencies loading dependencies from /Users/mmiranda/Projects/mambobox/node_modules/node-ads1x15/node_modules/i2c/node_modules/coffee-script/package.json
475 verbose readDependencies loading dependencies from /Users/mmiranda/Projects/mambobox/node_modules/node-ads1x15/node_modules/i2c/node_modules/coffee-script/package.json
476 silly install resolved []
477 verbose about to build /Users/mmiranda/Projects/mambobox/node_modules/node-ads1x15/node_modules/i2c/node_modules/coffee-script
478 info build /Users/mmiranda/Projects/mambobox/node_modules/node-ads1x15/node_modules/i2c/node_modules/coffee-script
479 info linkStuff coffee-script@1.9.1
480 silly linkStuff coffee-script@1.9.1 has /Users/mmiranda/Projects/mambobox/node_modules/node-ads1x15/node_modules/i2c/node_modules as its parent node_modules
481 verbose linkBins coffee-script@1.9.1
482 verbose link bins [ { coffee: './bin/coffee', cake: './bin/cake' },
482 verbose link bins   '/Users/mmiranda/Projects/mambobox/node_modules/node-ads1x15/node_modules/i2c/node_modules/.bin',
482 verbose link bins   false ]
483 verbose linkMans coffee-script@1.9.1
484 verbose rebuildBundles coffee-script@1.9.1
485 silly gentlyRm /Users/mmiranda/Projects/mambobox/node_modules/node-ads1x15/node_modules/i2c/node_modules/.bin/coffee is being purged
486 verbose gentlyRm don't care about contents; nuking /Users/mmiranda/Projects/mambobox/node_modules/node-ads1x15/node_modules/i2c/node_modules/.bin/coffee
487 silly gentlyRm /Users/mmiranda/Projects/mambobox/node_modules/node-ads1x15/node_modules/i2c/node_modules/.bin/cake is being purged
488 verbose gentlyRm don't care about contents; nuking /Users/mmiranda/Projects/mambobox/node_modules/node-ads1x15/node_modules/i2c/node_modules/.bin/cake
489 info install coffee-script@1.9.1
490 info postinstall coffee-script@1.9.1
491 verbose unlock done using /Users/mmiranda/.npm/_locks/coffee-script-85235dd708a2124e.lock for /Users/mmiranda/Projects/mambobox/node_modules/node-ads1x15/node_modules/i2c/node_modules/coffee-script
492 verbose about to build /Users/mmiranda/Projects/mambobox/node_modules/node-ads1x15/node_modules/i2c
493 info build /Users/mmiranda/Projects/mambobox/node_modules/node-ads1x15/node_modules/i2c
494 info linkStuff i2c@0.2.1
495 silly linkStuff i2c@0.2.1 has /Users/mmiranda/Projects/mambobox/node_modules/node-ads1x15/node_modules as its parent node_modules
496 verbose linkBins i2c@0.2.1
497 verbose linkMans i2c@0.2.1
498 verbose rebuildBundles i2c@0.2.1
499 verbose rebuildBundles [ '.bin', 'bindings', 'coffee-script', 'repl', 'underscore' ]
500 info install i2c@0.2.1
501 verbose unsafe-perm in lifecycle true
502 info i2c@0.2.1 Failed to exec install script
503 verbose unlock done using /Users/mmiranda/.npm/_locks/i2c-049b95f47572675a.lock for /Users/mmiranda/Projects/mambobox/node_modules/node-ads1x15/node_modules/i2c
504 verbose about to build /Users/mmiranda/Projects/mambobox/node_modules/node-ads1x15
505 verbose unlock done using /Users/mmiranda/.npm/_locks/node-ads1x15-2bfe431016c9304b.lock for /Users/mmiranda/Projects/mambobox/node_modules/node-ads1x15
506 verbose stack Error: i2c@0.2.1 install: `node-gyp rebuild`
506 verbose stack Exit status 1
506 verbose stack     at EventEmitter.<anonymous> (/usr/local/lib/node_modules/npm/lib/utils/lifecycle.js:213:16)
506 verbose stack     at EventEmitter.emit (events.js:110:17)
506 verbose stack     at ChildProcess.<anonymous> (/usr/local/lib/node_modules/npm/lib/utils/spawn.js:24:14)
506 verbose stack     at ChildProcess.emit (events.js:110:17)
506 verbose stack     at maybeClose (child_process.js:1015:16)
506 verbose stack     at Process.ChildProcess._handle.onexit (child_process.js:1087:5)
507 verbose pkgid i2c@0.2.1
508 verbose cwd /Users/mmiranda/Projects/mambobox
509 error Darwin 14.5.0
510 error argv "node" "/usr/local/bin/npm" "install" "--save" "node-ads1x15"
511 error node v0.12.6
512 error npm  v2.12.1
513 error code ELIFECYCLE
514 error i2c@0.2.1 install: `node-gyp rebuild`
514 error Exit status 1
515 error Failed at the i2c@0.2.1 install script 'node-gyp rebuild'.
515 error This is most likely a problem with the i2c package,
515 error not with npm itself.
515 error Tell the author that this fails on your system:
515 error     node-gyp rebuild
515 error You can get their info via:
515 error     npm owner ls i2c
515 error There is likely additional logging output above.
516 verbose exit [ 1, true ]
517 verbose unbuild node_modules/node-ads1x15/node_modules/i2c
518 info preuninstall i2c@0.2.1
519 info uninstall i2c@0.2.1
520 verbose unbuild rmStuff i2c@0.2.1 from /Users/mmiranda/Projects/mambobox/node_modules
521 verbose unbuild rmStuff in /Users/mmiranda/Projects/mambobox/node_modules/node-ads1x15/node_modules
522 info postuninstall i2c@0.2.1
523 silly gentlyRm /Users/mmiranda/Projects/mambobox/node_modules/node-ads1x15/node_modules/i2c is being purged from base /Users/mmiranda/Projects/mambobox
524 verbose gentlyRm don't care about contents; nuking /Users/mmiranda/Projects/mambobox/node_modules/node-ads1x15/node_modules/i2c
525 silly vacuum-fs purging /Users/mmiranda/Projects/mambobox/node_modules/node-ads1x15/node_modules/i2c
526 silly vacuum-fs quitting because other entries in /Users/mmiranda/Projects/mambobox/node_modules/node-ads1x15/node_modules
527 verbose unbuild node_modules/node-ads1x15
528 info preuninstall node-ads1x15@1.0.0
529 info uninstall node-ads1x15@1.0.0
530 verbose unbuild rmStuff node-ads1x15@1.0.0 from /Users/mmiranda/Projects/mambobox/node_modules
531 info postuninstall node-ads1x15@1.0.0
532 silly gentlyRm /Users/mmiranda/Projects/mambobox/node_modules/node-ads1x15 is being purged from base /Users/mmiranda/Projects/mambobox
533 verbose gentlyRm don't care about contents; nuking /Users/mmiranda/Projects/mambobox/node_modules/node-ads1x15
534 silly vacuum-fs purging /Users/mmiranda/Projects/mambobox/node_modules/node-ads1x15
535 silly vacuum-fs quitting because other entries in /Users/mmiranda/Projects/mambobox/node_modules
